<?xml version="1.0" encoding="UTF-8"?>
<testsuite name="MarsRoverTest" tests="2" skipped="0" failures="0" errors="0" timestamp="2021-10-19T14:48:47" hostname="Prachis-MacBook-Pro.local" time="0.003">
  <properties/>
  <testcase name="roverCustomInitialized" classname="MarsRoverTest" time="0.002"/>
  <testcase name="roverDefaultInitialized" classname="MarsRoverTest" time="0.0"/>
  <system-out><![CDATA[]]></system-out>
  <system-err><![CDATA[]]></system-err>
</testsuite>
