<?xml version="1.0" encoding="UTF-8"?>
<testsuite name="MarsRoverTest" tests="7" skipped="0" failures="0" errors="0" timestamp="2021-10-19T15:21:00" hostname="Prachis-MacBook-Pro.local" time="0.007">
  <properties/>
  <testcase name="turnRoverLeftTwice" classname="MarsRoverTest" time="0.003"/>
  <testcase name="roverDefaultInitializedCoordinates" classname="MarsRoverTest" time="0.001"/>
  <testcase name="turnRoverRight" classname="MarsRoverTest" time="0.0"/>
  <testcase name="roverCustomInitializedCoordinates" classname="MarsRoverTest" time="0.0"/>
  <testcase name="roverCustomInitializedDirection" classname="MarsRoverTest" time="0.0"/>
  <testcase name="roverDefaultInitializedDirection" classname="MarsRoverTest" time="0.0"/>
  <testcase name="turnRoverLeft" classname="MarsRoverTest" time="0.0"/>
  <system-out><![CDATA[]]></system-out>
  <system-err><![CDATA[]]></system-err>
</testsuite>
